2023-09-20 16:55:35,014 - __main__ - INFO - STARTED THE SCRAPING...
2023-09-20 16:55:35,014 - backend.scrapers.zara_scraper - INFO - Inside scrape_zara function...
2023-09-20 16:55:35,288 - backend.scrapers.uniqlo_scraper - INFO - Inside scrape_uniqlo() function...
2023-09-20 16:55:54,657 - __main__ - INFO - SCRAPING DONE!!
2023-09-20 16:55:54,760 - __main__ - INFO - SAVED SCRAPED DATA TO raw FOLDER
2023-09-20 16:55:54,760 - __main__ - INFO - TRANSFORMING THE DATA...
2023-09-20 16:55:54,760 - backend.transform - INFO - Inside zara_transform() function...
2023-09-20 16:55:54,761 - backend.transform - INFO - Creating the zara_onsale_df...
2023-09-20 16:55:54,761 - backend.transform - INFO - Changing data types of price and og_price columns..
2023-09-20 16:55:54,767 - backend.transform - INFO - Successfully executed zara_transform() function!!
2023-09-20 16:55:54,767 - backend.transform - INFO - Inside uniqlo_transform() function...
2023-09-20 16:55:54,769 - backend.transform - INFO - Creating uniqlo_onsale_df...
2023-09-20 16:55:54,770 - backend.transform - INFO - Changing uniqlo_df columns data types..
2023-09-20 16:55:54,770 - backend.transform - INFO - Successfully executed uniqlo_transform() function!!
2023-09-20 16:55:54,770 - __main__ - INFO - TRANSFORMATION DONE!!
2023-09-20 16:55:54,774 - __main__ - INFO - SAVED THE TRANSFORMED DATA TO processed FOLDER
2023-09-20 16:55:54,774 - __main__ - INFO - CONNECTING TO THE POSTGRES DB...
2023-09-20 16:55:54,774 - backend.database - INFO - Inside create_connection method...
2023-09-20 16:55:54,806 - backend.database - INFO - Connected to onsale_db successfully!!
2023-09-20 16:55:54,806 - __main__ - INFO - WRITING THE TRANSFORMED DATA TO THE POSTGRES DB...
2023-09-20 16:55:55,126 - __main__ - INFO - SUCCESSFULLY SAVED DATA TO THE DB!!!
2023-09-20 16:55:55,127 - __main__ - INFO - ALL DONE!!!
